<?xml version="1.0" encoding="UTF-8"?>
<!-- Generated by org.testng.reporters.JUnitReportReporter -->
<testsuite hostname="DESKTOP-8JDMI1P" failures="0" tests="1" name="ExtentR" time="15.620" errors="0" timestamp="2024-07-20T20:32:46 IST" skipped="0">
  <testcase classname="ExtentR" name="Demo" time="15.620"/>
  <system-out/>
</testsuite> <!-- ExtentR -->
