<?xml version="1.0" encoding="UTF-8"?>
<!-- Generated by org.testng.reporters.JUnitReportReporter -->
<testsuite hostname="DESKTOP-8JDMI1P" failures="0" tests="1" name="testng1" time="0.046" errors="0" timestamp="2024-07-18T20:01:34 IST" skipped="0">
  <testcase classname="testng1" name="Demo" time="0.046"/>
  <system-out/>
</testsuite> <!-- testng1 -->
