<?xml version="1.0" encoding="UTF-8"?>
<!-- Generated by org.testng.reporters.JUnitReportReporter -->
<testsuite hostname="DESKTOP-8JDMI1P" failures="0" tests="1" name="Demo.Extent" time="28.771" errors="0" timestamp="2024-07-20T21:15:33 IST" skipped="0">
  <testcase classname="Demo.Extent" name="ExtentR" time="28.771"/>
  <system-out/>
</testsuite> <!-- Demo.Extent -->
